<?xml version="1.0" encoding="UTF-8"?>
<!-- Generated by org.testng.reporters.JUnitReportReporter -->
<testsuite skipped="0" hostname="LAPTOP-OFDRFQ7K" name="newProgram001.newGitProgram001" tests="1" failures="0" timestamp="26 May 2018 05:28:48 GMT" time="9.681" errors="0">
  <testcase name="display" time="9.681" classname="newProgram001.newGitProgram001"/>
</testsuite> <!-- newProgram001.newGitProgram001 -->
